e:\clr\电工基础1本\电工基础1本\debug\vc140.pdb
e:\clr\电工基础1本\电工基础1本\debug\.netframework,version=v4.5.2.assemblyattributes.obj
e:\clr\电工基础1本\电工基础1本\debug\.netframework,version=v4.5.2.assemblyattributes.asm
e:\clr\电工基础1本\电工基础1本\debug\实验1原理说明.obj
e:\clr\电工基础1本\电工基础1本\debug\实验1main.obj
e:\clr\电工基础1本\电工基础1本\debug\mainwnd.obj
e:\clr\电工基础1本\电工基础1本\debug\实验1实验目的.obj
e:\clr\电工基础1本\电工基础1本\debug\status.obj
e:\clr\电工基础1本\电工基础1本\debug\xml.obj
e:\clr\电工基础1本\电工基础1本\debug\tinyxmlparser.obj
e:\clr\电工基础1本\电工基础1本\debug\tinyxmlerror.obj
e:\clr\电工基础1本\电工基础1本\debug\tinyxml.obj
e:\clr\电工基础1本\电工基础1本\debug\tinystr.obj
e:\clr\电工基础1本\电工基础1本\debug\voice.obj
e:\clr\电工基础1本\电工基础1本\debug\tool.obj
e:\clr\电工基础1本\debug\电工基础1本.exe
e:\clr\电工基础1本\debug\电工基础1本.pdb
e:\clr\电工基础1本\电工基础1本\debug\电工基础1本.tlog\metagen.write.1.tlog
e:\clr\电工基础1本\电工基础1本\debug\电工基础1本.mainwnd.resources
e:\clr\电工基础1本\电工基础1本\debug\电工基础1本.实验1main.resources
e:\clr\电工基础1本\电工基础1本\debug\电工基础1本.实验1实验目的.resources
e:\clr\电工基础1本\电工基础1本\debug\电工基础1本.实验1原理说明.resources
e:\clr\电工基础1本\电工基础1本\debug\电工基础1本.实验1原理说明视频.resources
e:\clr\电工基础1本\电工基础1本\debug\电工基础1本.实验1实验设备.resources
e:\clr\电工基础1本\电工基础1本\debug\电工基础1本.实验1实验内容1.resources
e:\clr\电工基础1本\电工基础1本\debug\电工基础1本.实验1实验报告.resources
e:\clr\电工基础1本\电工基础1本\debug\电工基础1本.实验1实验注意事项.resources
e:\clr\电工基础1本\电工基础1本\debug\电工基础1本.实验1思考题.resources
e:\clr\电工基础1本\电工基础1本\debug\电工基础1本.vcxproj.generateresource.cache
e:\clr\电工基础1本\电工基础1本\debug\电工基础1本.vcxproj.resolvecomreference.cache
e:\clr\电工基础1本\电工基础1本\debug\电工基础1本.vcxprojresolveassemblyreference.cache
e:\clr\电工基础1本\电工基础1本\debug\电工基础1本.tlog\cl.command.1.tlog
e:\clr\电工基础1本\电工基础1本\debug\电工基础1本.tlog\cl.read.1.tlog
e:\clr\电工基础1本\电工基础1本\debug\电工基础1本.tlog\cl.write.1.tlog
e:\clr\电工基础1本\电工基础1本\debug\电工基础1本.tlog\link.command.1.tlog
e:\clr\电工基础1本\电工基础1本\debug\电工基础1本.tlog\link.read.1.tlog
e:\clr\电工基础1本\电工基础1本\debug\电工基础1本.tlog\link.write.1.tlog
e:\clr\电工基础1本\电工基础1本\debug\电工基础1本.tlog\metagen.read.1.tlog
e:\clr\电工基础1本\电工基础1本\debug\电工基础1本.tlog\电工基础1本.write.1u.tlog
e:\clr\电工基础1本\电工基础1本\debug\电工基础1本.tlog\axinterop.wmplib.1.0.dll.metagen
e:\clr\电工基础1本\电工基础1本\debug\电工基础1本.tlog\interop.wmplib.1.0.dll.metagen
e:\clr\电工基础1本\电工基础1本\debug\电工基础1本.tlog\rsaenh.dll.bi
e:\clr\电工基础1本\电工基础1本\debug\电工基础1本.tlog\tzres.dll.bi
