  exception.cpp
e:\clr\电工基础1本\电工基础1本\log.h(37): warning C4996: 'localtime': This function or variable may be unsafe. Consider using localtime_s instead. To disable deprecation, use _CRT_SECURE_NO_WARNINGS. See online help for details.
  C:\Program Files (x86)\Windows Kits\10\Include\10.0.10240.0\ucrt\time.h(505): note: 参见“localtime”的声明
e:\clr\电工基础1本\电工基础1本\ThreeSegmentTransmissionProtocol.h(190): warning C4101: “buff”: 未引用的局部变量
C:\Program Files (x86)\Windows Kits\8.1\Include\um\DbgHelp.h(1544): warning C4091: “typedef ”: 没有声明变量时忽略“”的左侧
C:\Program Files (x86)\Windows Kits\8.1\Include\um\DbgHelp.h(3190): warning C4091: “typedef ”: 没有声明变量时忽略“”的左侧
exception.cpp(68): warning C4477: “sprintf_s”: 格式字符串“%08X”需要类型“unsigned int”的参数，但可变参数 1 拥有了类型“const PVOID”
  mainWnd.cpp
e:\clr\电工基础1本\电工基础1本\log.h(37): warning C4996: 'localtime': This function or variable may be unsafe. Consider using localtime_s instead. To disable deprecation, use _CRT_SECURE_NO_WARNINGS. See online help for details.
  C:\Program Files (x86)\Windows Kits\10\Include\10.0.10240.0\ucrt\time.h(505): note: 参见“localtime”的声明
e:\clr\电工基础1本\电工基础1本\ThreeSegmentTransmissionProtocol.h(190): warning C4101: “buff”: 未引用的局部变量
  message_Queue.h
e:\clr\电工基础1本\电工基础1本\log.h(37): warning C4996: 'localtime': This function or variable may be unsafe. Consider using localtime_s instead. To disable deprecation, use _CRT_SECURE_NO_WARNINGS. See online help for details.
  C:\Program Files (x86)\Windows Kits\10\Include\10.0.10240.0\ucrt\time.h(505): note: 参见“localtime”的声明
  resource.cpp
e:\clr\电工基础1本\电工基础1本\log.h(37): warning C4996: 'localtime': This function or variable may be unsafe. Consider using localtime_s instead. To disable deprecation, use _CRT_SECURE_NO_WARNINGS. See online help for details.
  C:\Program Files (x86)\Windows Kits\10\Include\10.0.10240.0\ucrt\time.h(505): note: 参见“localtime”的声明
e:\clr\电工基础1本\电工基础1本\ThreeSegmentTransmissionProtocol.h(190): warning C4101: “buff”: 未引用的局部变量
  tool.cpp
e:\clr\电工基础1本\电工基础1本\log.h(37): warning C4996: 'localtime': This function or variable may be unsafe. Consider using localtime_s instead. To disable deprecation, use _CRT_SECURE_NO_WARNINGS. See online help for details.
  C:\Program Files (x86)\Windows Kits\10\Include\10.0.10240.0\ucrt\time.h(505): note: 参见“localtime”的声明
e:\clr\电工基础1本\电工基础1本\ThreeSegmentTransmissionProtocol.h(190): warning C4101: “buff”: 未引用的局部变量
tool.cpp(52): warning C4101: “piProcInfo”: 未引用的局部变量
tool.cpp(98): warning C4477: “snprintf”: 格式字符串“%s”需要类型“char *”的参数，但可变参数 1 拥有了类型“System::String ^”
  正在生成代码...
e:\clr\电工基础1本\电工基础1本\exception.cpp(206): warning C4793: “ApplicationCrashHandler”: 编译为本机的函数:
  	托管代码中不支持内联本机程序集
  exception.obj :托管的代码存在时 /DEBUG:FASTLINK 不受支持；正在重新启动与 /DEBUG:FULL 的链接
  电工基础1本.vcxproj -> E:\clr\电工基础1本\Debug\电工基础1本.exe
  电工基础1本.vcxproj -> E:\clr\电工基础1本\Debug\电工基础1本.pdb (Partial PDB)
