C:\Program Files (x86)\MSBuild\14.0\bin\Microsoft.Common.CurrentVersion.targets(2399,5): warning MSB3305: 从路径“C:\Windows\SysWow64\wmp.dll”处理 COM 引用“WMPLib.1.0.dll”。类型库导入程序遇到无有效返回类型的属性 getter“sessionPlaylistCount”(它位于类型“WMPLib.IWMPNowPlayingHelperDispatch”上)。导入程序将尝试将此属性作为方法导入。
C:\Program Files (x86)\MSBuild\14.0\bin\Microsoft.Common.CurrentVersion.targets(2399,5): warning MSB3305: 从路径“C:\Windows\SysWow64\wmp.dll”处理 COM 引用“WMPLib.1.0.dll”。“IWMPGraphEventHandler.NotifyAcquireCredentials”的至少一个参数不能由运行时封送拆收器进行封送处理。因此，此类参数将作为指针进行传递，并可能需要不安全代码进行操作。
  exception.cpp
e:\clr\电工基础1本\电工基础1本\log.h(37): warning C4996: 'localtime': This function or variable may be unsafe. Consider using localtime_s instead. To disable deprecation, use _CRT_SECURE_NO_WARNINGS. See online help for details.
  C:\Program Files (x86)\Windows Kits\10\Include\10.0.10240.0\ucrt\time.h(505): note: 参见“localtime”的声明
C:\Program Files (x86)\Windows Kits\8.1\Include\um\DbgHelp.h(1544): warning C4091: “typedef ”: 没有声明变量时忽略“”的左侧
C:\Program Files (x86)\Windows Kits\8.1\Include\um\DbgHelp.h(3190): warning C4091: “typedef ”: 没有声明变量时忽略“”的左侧
exception.cpp(68): warning C4477: “sprintf_s”: 格式字符串“%08X”需要类型“unsigned int”的参数，但可变参数 1 拥有了类型“const PVOID”
  log.h
log.h(37): warning C4996: 'localtime': This function or variable may be unsafe. Consider using localtime_s instead. To disable deprecation, use _CRT_SECURE_NO_WARNINGS. See online help for details.
  C:\Program Files (x86)\Windows Kits\10\Include\10.0.10240.0\ucrt\time.h(505): note: 参见“localtime”的声明
  mainWnd.cpp
e:\clr\电工基础1本\电工基础1本\log.h(37): warning C4996: 'localtime': This function or variable may be unsafe. Consider using localtime_s instead. To disable deprecation, use _CRT_SECURE_NO_WARNINGS. See online help for details.
  C:\Program Files (x86)\Windows Kits\10\Include\10.0.10240.0\ucrt\time.h(505): note: 参见“localtime”的声明
  resource.cpp
e:\clr\电工基础1本\电工基础1本\log.h(37): warning C4996: 'localtime': This function or variable may be unsafe. Consider using localtime_s instead. To disable deprecation, use _CRT_SECURE_NO_WARNINGS. See online help for details.
  C:\Program Files (x86)\Windows Kits\10\Include\10.0.10240.0\ucrt\time.h(505): note: 参见“localtime”的声明
  tool.cpp
e:\clr\电工基础1本\电工基础1本\log.h(37): warning C4996: 'localtime': This function or variable may be unsafe. Consider using localtime_s instead. To disable deprecation, use _CRT_SECURE_NO_WARNINGS. See online help for details.
  C:\Program Files (x86)\Windows Kits\10\Include\10.0.10240.0\ucrt\time.h(505): note: 参见“localtime”的声明
tool.cpp(52): warning C4101: “piProcInfo”: 未引用的局部变量
tool.cpp(98): warning C4477: “snprintf”: 格式字符串“%s”需要类型“char *”的参数，但可变参数 1 拥有了类型“System::String ^”
  tinystr.cpp
  tinyxml.cpp
  tinyxmlerror.cpp
  tinyxmlparser.cpp
  xml.cpp
  正在生成代码...
e:\clr\电工基础1本\电工基础1本\exception.cpp(206): warning C4793: “ApplicationCrashHandler”: 编译为本机的函数:
  	托管代码中不支持内联本机程序集
  _Mutex.cpp
  .NETFramework,Version=v4.5.2.AssemblyAttributes.cpp
  电工基础1本.vcxproj -> E:\clr\电工基础1本\Release\电工基础1本.exe
  电工基础1本.vcxproj -> E:\clr\电工基础1本\Release\电工基础1本.pdb (Full PDB)
