e:\clr\电工基础1本\电工基础1本\release\vc140.pdb
e:\clr\电工基础1本\电工基础1本\release\单元测试.obj
e:\clr\电工基础1本\电工基础1本\release\xml.obj
e:\clr\电工基础1本\电工基础1本\release\tinyxmlparser.obj
e:\clr\电工基础1本\电工基础1本\release\tinyxmlerror.obj
e:\clr\电工基础1本\电工基础1本\release\tinyxml.obj
e:\clr\电工基础1本\电工基础1本\release\tinystr.obj
e:\clr\电工基础1本\电工基础1本\release\tool.obj
e:\clr\电工基础1本\电工基础1本\release\threesegmenttransmissionprotocol.obj
e:\clr\电工基础1本\电工基础1本\release\seriesport.obj
e:\clr\电工基础1本\电工基础1本\release\resource.obj
e:\clr\电工基础1本\电工基础1本\release\ref_global_var.obj
e:\clr\电工基础1本\电工基础1本\release\message_queue.obj
e:\clr\电工基础1本\电工基础1本\release\mainwnd.obj
e:\clr\电工基础1本\电工基础1本\release\log.obj
e:\clr\电工基础1本\电工基础1本\release\main.obj
e:\clr\电工基础1本\电工基础1本\release\json_writer.obj
e:\clr\电工基础1本\电工基础1本\release\json_value.obj
e:\clr\电工基础1本\电工基础1本\release\json_reader.obj
e:\clr\电工基础1本\电工基础1本\release\exception.obj
e:\clr\电工基础1本\电工基础1本\release\waver.obj
e:\clr\电工基础1本\电工基础1本\release\_mutex.obj
e:\clr\电工基础1本\电工基础1本\release\.netframework,version=v4.5.2.assemblyattributes.obj
e:\clr\电工基础1本\电工基础1本\release\.netframework,version=v4.5.2.assemblyattributes.asm
e:\clr\电工基础1本\电工基础1本\release\电工基础1本.tlog\metagen.write.1.tlog
e:\clr\电工基础1本\release\ledwatch.dll
e:\clr\电工基础1本\release\logbox.dll
e:\clr\电工基础1本\release\microsoft.speech.dll
e:\clr\电工基础1本\release\microsoft.speech.voicexml.dll
e:\clr\电工基础1本\release\smallmenu.dll
e:\clr\电工基础1本\release\日志控件.dll
e:\clr\电工基础1本\release\ledctl.dll
e:\clr\电工基础1本\release\microsoft.vsa.dll
e:\clr\电工基础1本\release\ledwatch.pdb
e:\clr\电工基础1本\release\logbox.pdb
e:\clr\电工基础1本\release\microsoft.speech.voicexml.xml
e:\clr\电工基础1本\release\smallmenu.pdb
e:\clr\电工基础1本\release\日志控件.pdb
e:\clr\电工基础1本\release\ledctl.pdb
e:\clr\电工基础1本\电工基础1本\release\电工基础1本.loginwnd.resources
e:\clr\电工基础1本\电工基础1本\release\电工基础1本.mainwnd.resources
e:\clr\电工基础1本\电工基础1本\release\电工基础1本.叠加原理.resources
e:\clr\电工基础1本\电工基础1本\release\电工基础1本.叠加原理实验内容.resources
e:\clr\电工基础1本\电工基础1本\release\电工基础1本.叠加原理实验原理.resources
e:\clr\电工基础1本\电工基础1本\release\电工基础1本.叠加原理实验器件.resources
e:\clr\电工基础1本\电工基础1本\release\电工基础1本.叠加原理实验步骤.resources
e:\clr\电工基础1本\电工基础1本\release\电工基础1本.叠加原理实验目的.resources
e:\clr\电工基础1本\电工基础1本\release\电工基础1本.基尔霍夫定律.resources
e:\clr\电工基础1本\电工基础1本\release\电工基础1本.基尔霍夫定律实验内容.resources
e:\clr\电工基础1本\电工基础1本\release\电工基础1本.基尔霍夫定律实验原理.resources
e:\clr\电工基础1本\电工基础1本\release\电工基础1本.基尔霍夫定律实验器件.resources
e:\clr\电工基础1本\电工基础1本\release\电工基础1本.基尔霍夫定律实验步骤.resources
e:\clr\电工基础1本\电工基础1本\release\电工基础1本.基尔霍夫定律实验目的.resources
e:\clr\电工基础1本\电工基础1本\release\电工基础1本.基尔霍夫定理原理动画.resources
e:\clr\电工基础1本\电工基础1本\release\电工基础1本.实验1main.resources
e:\clr\电工基础1本\电工基础1本\release\电工基础1本.实验1原理说明.resources
e:\clr\电工基础1本\电工基础1本\release\电工基础1本.实验1原理说明视频.resources
e:\clr\电工基础1本\电工基础1本\release\电工基础1本.实验1实验内容1.resources
e:\clr\电工基础1本\电工基础1本\release\电工基础1本.实验1实验报告.resources
e:\clr\电工基础1本\电工基础1本\release\电工基础1本.实验1实验注意事项.resources
e:\clr\电工基础1本\电工基础1本\release\电工基础1本.实验1实验目的.resources
e:\clr\电工基础1本\电工基础1本\release\电工基础1本.实验1实验设备.resources
e:\clr\电工基础1本\电工基础1本\release\电工基础1本.实验1思考题.resources
e:\clr\电工基础1本\电工基础1本\release\电工基础1本.底部.resources
e:\clr\电工基础1本\电工基础1本\release\电工基础1本.系统日志.resources
e:\clr\电工基础1本\电工基础1本\release\电工基础1本.设置.resources
e:\clr\电工基础1本\电工基础1本\release\电工基础1本.首页.resources
e:\clr\电工基础1本\电工基础1本\release\电工基础1本.vcxproj.generateresource.cache
e:\clr\电工基础1本\电工基础1本\release\电工基础1本.vcxproj.resolvecomreference.cache
e:\clr\电工基础1本\电工基础1本\release\电工基础1本.vcxprojresolveassemblyreference.cache
e:\clr\电工基础1本\release\电工基础1本.pdb
e:\clr\电工基础1本\电工基础1本\release\电工基础1本.tlog\cl.command.1.tlog
e:\clr\电工基础1本\电工基础1本\release\电工基础1本.tlog\cl.read.1.tlog
e:\clr\电工基础1本\电工基础1本\release\电工基础1本.tlog\cl.write.1.tlog
e:\clr\电工基础1本\电工基础1本\release\电工基础1本.tlog\link-cvtres.read.1.tlog
e:\clr\电工基础1本\电工基础1本\release\电工基础1本.tlog\link-cvtres.write.1.tlog
e:\clr\电工基础1本\电工基础1本\release\电工基础1本.tlog\link-rc.read.1.tlog
e:\clr\电工基础1本\电工基础1本\release\电工基础1本.tlog\link-rc.write.1.tlog
e:\clr\电工基础1本\电工基础1本\release\电工基础1本.tlog\link.command.1.tlog
e:\clr\电工基础1本\电工基础1本\release\电工基础1本.tlog\link.read.1.tlog
e:\clr\电工基础1本\电工基础1本\release\电工基础1本.tlog\link.write.1.tlog
e:\clr\电工基础1本\电工基础1本\release\电工基础1本.tlog\metagen.read.1.tlog
e:\clr\电工基础1本\电工基础1本\release\电工基础1本.tlog\电工基础1本.write.1u.tlog
e:\clr\电工基础1本\电工基础1本\release\电工基础1本.tlog\axinterop.shockwaveflashobjects.1.0.dll.metagen
e:\clr\电工基础1本\电工基础1本\release\电工基础1本.tlog\axinterop.wmplib.1.0.dll.metagen
e:\clr\电工基础1本\电工基础1本\release\电工基础1本.tlog\interop.shockwaveflashobjects.1.0.dll.metagen
e:\clr\电工基础1本\电工基础1本\release\电工基础1本.tlog\interop.wmplib.1.0.dll.metagen
e:\clr\电工基础1本\电工基础1本\release\电工基础1本.tlog\ledwatch.dll.metagen
e:\clr\电工基础1本\电工基础1本\release\电工基础1本.tlog\logbox.dll.metagen
e:\clr\电工基础1本\电工基础1本\release\电工基础1本.tlog\microsoft.speech.dll.metagen
e:\clr\电工基础1本\电工基础1本\release\电工基础1本.tlog\microsoft.speech.voicexml.dll.metagen
e:\clr\电工基础1本\电工基础1本\release\电工基础1本.tlog\smallmenu.dll.metagen
e:\clr\电工基础1本\电工基础1本\release\电工基础1本.tlog\日志控件.dll.metagen
e:\clr\电工基础1本\电工基础1本\release\电工基础1本.tlog\rsaenh.dll.bi
e:\clr\电工基础1本\电工基础1本\release\电工基础1本.tlog\tzres.dll.bi
